<?xml version="1.0" encoding="UTF-8"?>
<!--
    Import pipeline for test metadata from eduGAIN.
-->
<beans xmlns="http://www.springframework.org/schema/beans"
    xmlns:util="http://www.springframework.org/schema/util"
    xmlns:xsi="http://www.w3.org/2001/XMLSchema-instance"
    xsi:schemaLocation="
        http://www.springframework.org/schema/beans http://www.springframework.org/schema/beans/spring-beans-3.0.xsd
        http://www.springframework.org/schema/util http://www.springframework.org/schema/util/spring-util-3.0.xsd">
    
    <!--
        Import commonly used beans.
    -->
    <import resource="../common-beans.xml"/>
    
    <!--
        Import eduGAIN-specific beans.
    -->
    <import resource="beans.xml"/>
    
    <bean id="edugain.serializeTestImported" class="net.shibboleth.metadata.pipeline.SerializationStage"
        init-method="initialize" lazy-init="true">
        <property name="id" value="edugain.serializeTestImported"/>
        <property name="serializer" ref="serializer"/>
        <property name="outputFile">
            <bean class="java.io.File">
                <constructor-arg value="#{ systemProperties['basedir'] }/mdx/edugain/test-imported.xml"/>
            </bean>
        </property>
    </bean>
    
    <bean id="edugain.test-import" class="net.shibboleth.metadata.pipeline.SimplePipeline"
        init-method="initialize" lazy-init="true">
        <property name="id" value="pipeline"/>
        <property name="stages">
            <list>
                <ref bean="fetchEduGainTestAggregate"/>
                <ref bean="checkEdugainSignature"/>
                
                <!-- failure to validate signature is fatal -->
                <ref bean="errorTerminatingFilter"/>
                
                <ref bean="disassemble"/>
                
                <ref bean="standardImportActions"/>
                
                <ref bean="standardImportTail"/>
                
                <ref bean="edugain.serializeTestImported"/>
            </list>
        </property>
    </bean>

</beans>
